\BOOKMARK [1][-]{section*.4}{\376\377\000M\000A\000C\000H\000I\000N\000E\000\040\000L\000E\000A\000R\000N\000I\000N\000G}{}% 1
\BOOKMARK [1][-]{section.1}{\376\377\000I\000n\000t\000r\000o\000d\000u\000c\000t\000i\000o\000n\000\040\000t\000o\000\040\000M\000a\000c\000h\000i\000n\000e\000\040\000L\000e\000a\000r\000n\000i\000n\000g}{}% 2
\BOOKMARK [2][-]{subsection.1.1}{\376\377\000D\000a\000t\000a\000\040\000S\000p\000l\000i\000t\000t\000i\000n\000g\000:\000\040\000T\000r\000a\000i\000n\000\040\000a\000n\000d\000\040\000T\000e\000s\000t\000\040\000S\000e\000t\000s}{section.1}% 3
\BOOKMARK [2][-]{subsection.1.2}{\376\377\000R\000e\000g\000r\000e\000s\000s\000i\000o\000n\000\040\000a\000n\000d\000\040\000C\000l\000a\000s\000s\000i\000f\000i\000c\000a\000t\000i\000o\000n\000\040\000T\000a\000s\000k\000s}{section.1}% 4
\BOOKMARK [1][-]{section.2}{\376\377\000L\000i\000n\000e\000a\000r\000\040\000R\000e\000g\000r\000e\000s\000s\000i\000o\000n\000:\000\040\000R\000e\000g\000r\000e\000s\000s\000i\000o\000n}{}% 5
\BOOKMARK [2][-]{subsection.2.1}{\376\377\000F\000u\000n\000d\000a\000m\000e\000n\000t\000a\000l\000s\000\040\000o\000f\000\040\000L\000i\000n\000e\000a\000r\000\040\000R\000e\000g\000r\000e\000s\000s\000i\000o\000n}{section.2}% 6
\BOOKMARK [2][-]{subsection.2.2}{\376\377\000U\000n\000d\000e\000r\000s\000t\000a\000n\000d\000i\000n\000g\000\040\000S\000u\000m\000\040\000o\000f\000\040\000S\000q\000u\000a\000r\000e\000d\000\040\000E\000r\000r\000o\000r\000s\000\040\000\050\000S\000S\000E\000\051}{section.2}% 7
\BOOKMARK [2][-]{subsection.2.3}{\376\377\000M\000i\000n\000i\000m\000i\000z\000i\000n\000g\000\040\000S\000S\000E\000:\000\040\000S\000i\000m\000p\000l\000e\000\040\000C\000a\000s\000e}{section.2}% 8
\BOOKMARK [2][-]{subsection.2.4}{\376\377\000M\000i\000n\000i\000m\000i\000z\000i\000n\000g\000\040\000S\000S\000E\000:\000\040\000G\000e\000n\000e\000r\000a\000l\000\040\000C\000a\000s\000e}{section.2}% 9
\BOOKMARK [2][-]{subsection.2.5}{\376\377\000R\000i\000d\000g\000e\000\040\000a\000n\000d\000\040\000L\000A\000S\000S\000O\000\040\000R\000e\000g\000r\000e\000s\000s\000i\000o\000n\000s}{section.2}% 10
\BOOKMARK [1][-]{section.3}{\376\377\000L\000o\000g\000i\000s\000t\000i\000c\000\040\000R\000e\000g\000r\000e\000s\000s\000i\000o\000n\000:\000\040\000C\000l\000a\000s\000s\000i\000f\000i\000c\000a\000t\000i\000o\000n}{}% 11
\BOOKMARK [2][-]{subsection.3.1}{\376\377\000F\000u\000n\000d\000a\000m\000e\000n\000t\000a\000l\000s\000\040\000o\000f\000\040\000L\000o\000g\000i\000s\000t\000i\000c\000\040\000R\000e\000g\000r\000e\000s\000s\000i\000o\000n}{section.3}% 12
\BOOKMARK [2][-]{subsection.3.2}{\376\377\000T\000h\000e\000\040\000S\000i\000g\000m\000o\000i\000d\000\040\000F\000u\000n\000c\000t\000i\000o\000n\000\040\000a\000n\000d\000\040\000I\000t\000s\000\040\000R\000o\000l\000e}{section.3}% 13
\BOOKMARK [2][-]{subsection.3.3}{\376\377\000T\000r\000a\000i\000n\000i\000n\000g\000\040\000w\000i\000t\000h\000\040\000t\000h\000e\000\040\000L\000o\000g\000-\000L\000i\000k\000e\000l\000i\000h\000o\000o\000d\000\040\000L\000o\000s\000s}{section.3}% 14
\BOOKMARK [2][-]{subsection.3.4}{\376\377\000E\000x\000t\000e\000n\000s\000i\000o\000n\000s\000\040\000t\000o\000\040\000M\000u\000l\000t\000i\000c\000l\000a\000s\000s\000\040\000C\000l\000a\000s\000s\000i\000f\000i\000c\000a\000t\000i\000o\000n}{section.3}% 15
\BOOKMARK [2][-]{subsection.3.5}{\376\377\000W\000h\000y\000\040\000I\000t\000'\000s\000\040\000C\000a\000l\000l\000e\000d\000\040\040\034\000R\000e\000g\000r\000e\000s\000s\000i\000o\000n\040\035}{section.3}% 16
\BOOKMARK [1][-]{section.4}{\376\377\000K\000-\000M\000e\000a\000n\000s\000\040\000C\000l\000u\000s\000t\000e\000r\000i\000n\000g\000:\000\040\000U\000n\000s\000u\000p\000e\000r\000v\000i\000s\000e\000d\000\040\000L\000e\000a\000r\000n\000i\000n\000g}{}% 17
\BOOKMARK [2][-]{subsection.4.1}{\376\377\000I\000n\000t\000r\000o\000d\000u\000c\000t\000i\000o\000n\000\040\000t\000o\000\040\000U\000n\000s\000u\000p\000e\000r\000v\000i\000s\000e\000d\000\040\000L\000e\000a\000r\000n\000i\000n\000g}{section.4}% 18
\BOOKMARK [2][-]{subsection.4.2}{\376\377\000H\000o\000w\000\040\000K\000-\000M\000e\000a\000n\000s\000\040\000C\000l\000u\000s\000t\000e\000r\000i\000n\000g\000\040\000W\000o\000r\000k\000s}{section.4}% 19
\BOOKMARK [2][-]{subsection.4.3}{\376\377\000M\000i\000n\000i\000m\000i\000z\000i\000n\000g\000\040\000W\000i\000t\000h\000i\000n\000-\000C\000l\000u\000s\000t\000e\000r\000\040\000D\000i\000s\000t\000a\000n\000c\000e}{section.4}% 20
\BOOKMARK [2][-]{subsection.4.4}{\376\377\000C\000h\000o\000o\000s\000i\000n\000g\000\040\000t\000h\000e\000\040\000N\000u\000m\000b\000e\000r\000\040\000o\000f\000\040\000C\000l\000u\000s\000t\000e\000r\000s}{section.4}% 21
\BOOKMARK [2][-]{subsection.4.5}{\376\377\000L\000i\000m\000i\000t\000a\000t\000i\000o\000n\000s\000\040\000o\000f\000\040\000K\000-\000M\000e\000a\000n\000s\000\040\000C\000l\000u\000s\000t\000e\000r\000i\000n\000g}{section.4}% 22
\BOOKMARK [1][-]{section.5}{\376\377\000K\000-\000M\000e\000a\000n\000s\000\040\000v\000s\000.\000\040\000K\000-\000M\000e\000d\000i\000a\000n\000s\000\040\000C\000l\000u\000s\000t\000e\000r\000i\000n\000g}{}% 23
\BOOKMARK [2][-]{subsection.5.1}{\376\377\000I\000n\000t\000r\000o\000d\000u\000c\000t\000i\000o\000n\000\040\000t\000o\000\040\000K\000-\000M\000e\000d\000i\000a\000n\000s\000\040\000C\000l\000u\000s\000t\000e\000r\000i\000n\000g}{section.5}% 24
\BOOKMARK [2][-]{subsection.5.2}{\376\377\000K\000-\000M\000e\000d\000i\000a\000n\000s\000\040\000U\000s\000e\000\040\000C\000a\000s\000e\000s}{section.5}% 25
\BOOKMARK [2][-]{subsection.5.3}{\376\377\000K\000e\000y\000\040\000D\000i\000f\000f\000e\000r\000e\000n\000c\000e\000s\000\040\000B\000e\000t\000w\000e\000e\000n\000\040\000K\000-\000M\000e\000a\000n\000s\000\040\000a\000n\000d\000\040\000K\000-\000M\000e\000d\000i\000a\000n\000s}{section.5}% 26
\BOOKMARK [1][-]{section.6}{\376\377\000O\000t\000h\000e\000r\000\040\000M\000L\000\040\000C\000o\000n\000c\000e\000p\000t\000s}{}% 27
\BOOKMARK [2][-]{subsection.6.1}{\376\377\000B\000i\000a\000s\000-\000V\000a\000r\000i\000a\000n\000c\000e\000\040\000T\000r\000a\000d\000e\000o\000f\000f}{section.6}% 28
\BOOKMARK [2][-]{subsection.6.2}{\376\377\000C\000o\000n\000v\000e\000x\000i\000t\000y}{section.6}% 29
\BOOKMARK [1][-]{section.7}{\376\377\000W\000h\000e\000n\000\040\000t\000o\000\040\000U\000s\000e\000\040\000M\000a\000c\000h\000i\000n\000e\000\040\000L\000e\000a\000r\000n\000i\000n\000g\000\040\000A\000l\000g\000o\000r\000i\000t\000h\000m\000s}{}% 30
\BOOKMARK [1][-]{section.8}{\376\377\000C\000o\000n\000c\000l\000u\000s\000i\000o\000n\000\040\000\050\000M\000L\000\051}{}% 31
\BOOKMARK [1][-]{section*.13}{\376\377\000D\000E\000E\000P\000\040\000L\000E\000A\000R\000N\000I\000N\000G}{}% 32
\BOOKMARK [1][-]{section.9}{\376\377\000I\000n\000t\000r\000o\000d\000u\000c\000t\000i\000o\000n\000\040\000t\000o\000\040\000N\000e\000u\000r\000a\000l\000\040\000N\000e\000t\000w\000o\000r\000k\000s}{}% 33
\BOOKMARK [2][-]{subsection.9.1}{\376\377\000F\000u\000n\000d\000a\000m\000e\000n\000t\000a\000l\000\040\000S\000t\000r\000u\000c\000t\000u\000r\000e}{section.9}% 34
\BOOKMARK [2][-]{subsection.9.2}{\376\377\000F\000l\000o\000w\000\040\000o\000f\000\040\000I\000n\000f\000o\000r\000m\000a\000t\000i\000o\000n}{section.9}% 35
\BOOKMARK [2][-]{subsection.9.3}{\376\377\000T\000h\000e\000\040\000P\000e\000r\000c\000e\000p\000t\000r\000o\000n\000\040\000a\000n\000d\000\040\000X\000O\000R}{section.9}% 36
\BOOKMARK [1][-]{section.10}{\376\377\000N\000o\000n\000-\000L\000i\000n\000e\000a\000r\000i\000t\000y\000\040\000a\000n\000d\000\040\000A\000c\000t\000i\000v\000a\000t\000i\000o\000n\000\040\000F\000u\000n\000c\000t\000i\000o\000n\000s}{}% 37
\BOOKMARK [2][-]{subsection.10.1}{\376\377\000I\000n\000t\000r\000o\000d\000u\000c\000i\000n\000g\000\040\000N\000o\000n\000l\000i\000n\000e\000a\000r\000i\000t\000i\000e\000s}{section.10}% 38
\BOOKMARK [2][-]{subsection.10.2}{\376\377\000C\000o\000m\000m\000o\000n\000\040\000A\000c\000t\000i\000v\000a\000t\000i\000o\000n\000\040\000F\000u\000n\000c\000t\000i\000o\000n\000s}{section.10}% 39
\BOOKMARK [1][-]{section.11}{\376\377\000B\000a\000c\000k\000p\000r\000o\000p\000a\000g\000a\000t\000i\000o\000n}{}% 40
\BOOKMARK [2][-]{subsection.11.1}{\376\377\000L\000o\000s\000s\000\040\000F\000u\000n\000c\000t\000i\000o\000n\000s}{section.11}% 41
\BOOKMARK [2][-]{subsection.11.2}{\376\377\000D\000e\000r\000i\000v\000a\000t\000i\000v\000e\000s\000\040\000a\000n\000d\000\040\000G\000r\000a\000d\000i\000e\000n\000t\000s}{section.11}% 42
\BOOKMARK [2][-]{subsection.11.3}{\376\377\000G\000r\000a\000d\000i\000e\000n\000t\000\040\000F\000l\000o\000w}{section.11}% 43
\BOOKMARK [2][-]{subsection.11.4}{\376\377\000O\000p\000t\000i\000m\000i\000z\000e\000r\000s\000\040\000a\000n\000d\000\040\000L\000e\000a\000r\000n\000i\000n\000g\000\040\000R\000a\000t\000e\000s}{section.11}% 44
\BOOKMARK [1][-]{section.12}{\376\377\000R\000e\000g\000u\000l\000a\000r\000i\000z\000a\000t\000i\000o\000n}{}% 45
\BOOKMARK [2][-]{subsection.12.1}{\376\377\000D\000r\000o\000p\000o\000u\000t}{section.12}% 46
\BOOKMARK [2][-]{subsection.12.2}{\376\377\000B\000a\000t\000c\000h\000\040\000N\000o\000r\000m\000a\000l\000i\000z\000a\000t\000i\000o\000n}{section.12}% 47
\BOOKMARK [1][-]{section.13}{\376\377\000W\000h\000e\000n\000\040\000t\000o\000\040\000U\000s\000e\000\040\000D\000e\000e\000p\000\040\000L\000e\000a\000r\000n\000i\000n\000g\000/\000N\000e\000u\000r\000a\000l\000\040\000N\000e\000t\000w\000o\000r\000k\000s}{}% 48
\BOOKMARK [1][-]{section.14}{\376\377\000C\000o\000n\000c\000l\000u\000s\000i\000o\000n\000\040\000\050\000D\000L\000\051}{}% 49
\BOOKMARK [1][-]{section*.23}{\376\377\000C\000O\000M\000P\000U\000T\000E\000R\000\040\000V\000I\000S\000I\000O\000N}{}% 50
\BOOKMARK [1][-]{section.15}{\376\377\000I\000n\000t\000r\000o\000d\000u\000c\000t\000i\000o\000n\000\040\000t\000o\000\040\000C\000o\000m\000p\000u\000t\000e\000r\000\040\000V\000i\000s\000i\000o\000n}{}% 51
\BOOKMARK [2][-]{subsection.15.1}{\376\377\000W\000h\000a\000t\000\040\000i\000s\000\040\000C\000o\000m\000p\000u\000t\000e\000r\000\040\000V\000i\000s\000i\000o\000n\000?}{section.15}% 52
\BOOKMARK [1][-]{section.16}{\376\377\000C\000o\000n\000v\000o\000l\000u\000t\000i\000o\000n\000a\000l\000\040\000N\000e\000u\000r\000a\000l\000\040\000N\000e\000t\000w\000o\000r\000k\000s}{}% 53
\BOOKMARK [2][-]{subsection.16.1}{\376\377\000C\000o\000n\000v\000o\000l\000u\000t\000i\000o\000n\000a\000l\000\040\000L\000a\000y\000e\000r}{section.16}% 54
\BOOKMARK [2][-]{subsection.16.2}{\376\377\000N\000o\000n\000l\000i\000n\000e\000a\000r\000i\000t\000y\000\040\000i\000n\000\040\000C\000N\000N\000s}{section.16}% 55
\BOOKMARK [2][-]{subsection.16.3}{\376\377\000P\000o\000o\000l\000i\000n\000g\000\040\000L\000a\000y\000e\000r}{section.16}% 56
\BOOKMARK [2][-]{subsection.16.4}{\376\377\000F\000u\000l\000l\000y\000\040\000C\000o\000n\000n\000e\000c\000t\000e\000d\000\040\000L\000a\000y\000e\000r}{section.16}% 57
\BOOKMARK [2][-]{subsection.16.5}{\376\377\000L\000o\000s\000s\000\040\000F\000u\000n\000c\000t\000i\000o\000n\000s\000,\000\040\000O\000p\000t\000i\000m\000i\000z\000e\000r\000s\000,\000\040\000a\000n\000d\000\040\000R\000e\000g\000u\000l\000a\000r\000i\000z\000a\000t\000i\000o\000n}{section.16}% 58
\BOOKMARK [1][-]{section.17}{\376\377\000S\000e\000l\000f\000-\000S\000u\000p\000e\000r\000v\000i\000s\000e\000d\000\040\000L\000e\000a\000r\000n\000i\000n\000g}{}% 59
\BOOKMARK [2][-]{subsection.17.1}{\376\377\000M\000e\000t\000h\000o\000d\000s\000\040\000o\000f\000\040\000S\000S\000L}{section.17}% 60
\BOOKMARK [2][-]{subsection.17.2}{\376\377\000I\000m\000p\000o\000r\000t\000a\000n\000c\000e\000\040\000o\000f\000\040\000S\000S\000L}{section.17}% 61
\BOOKMARK [1][-]{section.18}{\376\377\000I\000m\000a\000g\000e\000\040\000S\000e\000g\000m\000e\000n\000t\000a\000t\000i\000o\000n}{}% 62
\BOOKMARK [2][-]{subsection.18.1}{\376\377\000T\000e\000c\000h\000n\000i\000q\000u\000e\000s\000\040\000o\000f\000\040\000S\000e\000g\000m\000e\000n\000t\000a\000t\000i\000o\000n}{section.18}% 63
\BOOKMARK [1][-]{section.19}{\376\377\000W\000h\000e\000n\000\040\000t\000o\000\040\000U\000s\000e\000\040\000C\000o\000m\000p\000u\000t\000e\000r\000\040\000V\000i\000s\000i\000o\000n}{}% 64
\BOOKMARK [1][-]{section.20}{\376\377\000C\000o\000n\000c\000l\000u\000s\000i\000o\000n\000\040\000\050\000C\000V\000\051}{}% 65
\BOOKMARK [1][-]{section*.31}{\376\377\000R\000E\000I\000N\000F\000O\000R\000C\000E\000M\000E\000N\000T\000\040\000L\000E\000A\000R\000N\000I\000N\000G}{}% 66
\BOOKMARK [1][-]{section.21}{\376\377\000W\000h\000a\000t\000\040\000i\000s\000\040\000R\000e\000i\000n\000f\000o\000r\000c\000e\000m\000e\000n\000t\000\040\000L\000e\000a\000r\000n\000i\000n\000g\000?}{}% 67
\BOOKMARK [2][-]{subsection.21.1}{\376\377\000P\000r\000o\000b\000l\000e\000m\000\040\000D\000e\000f\000i\000n\000i\000t\000i\000o\000n}{section.21}% 68
\BOOKMARK [2][-]{subsection.21.2}{\376\377\000C\000o\000m\000m\000o\000n\000\040\000S\000y\000m\000b\000o\000l\000s\000\040\000a\000n\000d\000\040\000D\000e\000f\000i\000n\000i\000t\000i\000o\000n\000s}{section.21}% 69
\BOOKMARK [2][-]{subsection.21.3}{\376\377\000M\000a\000r\000k\000o\000v\000\040\000D\000e\000c\000i\000s\000i\000o\000n\000\040\000P\000r\000o\000c\000e\000s\000s}{section.21}% 70
\BOOKMARK [2][-]{subsection.21.4}{\376\377\000O\000n\000\040\000v\000s\000.\000\040\000O\000f\000f\000-\000P\000o\000l\000i\000c\000y\000\040\000R\000L}{section.21}% 71
\BOOKMARK [1][-]{section.22}{\376\377\000I\000m\000i\000t\000a\000t\000i\000o\000n\000\040\000L\000e\000a\000r\000n\000i\000n\000g}{}% 72
\BOOKMARK [2][-]{subsection.22.1}{\376\377\000B\000a\000s\000i\000c\000\040\000B\000e\000h\000a\000v\000i\000o\000r\000\040\000C\000l\000o\000n\000i\000n\000g}{section.22}% 73
\BOOKMARK [2][-]{subsection.22.2}{\376\377\000P\000r\000o\000b\000l\000e\000m\000s\000\040\000w\000i\000t\000h\000\040\000B\000e\000h\000a\000v\000i\000o\000r\000\040\000C\000l\000o\000n\000i\000n\000g}{section.22}% 74
\BOOKMARK [1][-]{section.23}{\376\377\000P\000r\000o\000o\000f\000s\000\040\000f\000o\000r\000\040\000P\000r\000o\000b\000l\000e\000m\000s\000\040\000w\000i\000t\000h\000\040\000B\000e\000h\000a\000v\000i\000o\000r\000\040\000C\000l\000o\000n\000i\000n\000g}{}% 75
\BOOKMARK [2][-]{subsection.23.1}{\376\377\000M\000o\000d\000e\000\040\000A\000v\000e\000r\000a\000g\000i\000n\000g}{section.23}% 76
\BOOKMARK [1][-]{section.24}{\376\377\000D\000A\000g\000g\000e\000r\000\040\000A\000l\000g\000o\000r\000i\000t\000h\000m}{}% 77
\BOOKMARK [1][-]{section.25}{\376\377\000P\000o\000l\000i\000c\000y\000\040\000G\000r\000a\000d\000i\000e\000n\000t}{}% 78
\BOOKMARK [2][-]{subsection.25.1}{\376\377\000B\000a\000s\000i\000c\000\040\000P\000o\000l\000i\000c\000y\000\040\000G\000r\000a\000d\000i\000e\000n\000t}{section.25}% 79
\BOOKMARK [1][-]{section.26}{\376\377\000A\000d\000v\000a\000n\000c\000e\000d\000\040\000P\000o\000l\000i\000c\000y\000\040\000G\000r\000a\000d\000i\000e\000n\000t\000\040\000C\000o\000n\000c\000e\000p\000t\000s}{}% 80
\BOOKMARK [2][-]{subsection.26.1}{\376\377\000R\000e\000t\000u\000r\000n\000-\000t\000o\000-\000G\000o}{section.26}% 81
\BOOKMARK [2][-]{subsection.26.2}{\376\377\000B\000a\000s\000e\000l\000i\000n\000e\000\040\000F\000u\000n\000c\000t\000i\000o\000n}{section.26}% 82
\BOOKMARK [2][-]{subsection.26.3}{\376\377\000N\000a\000t\000u\000r\000a\000l\000\040\000P\000o\000l\000i\000c\000y\000\040\000G\000r\000a\000d\000i\000e\000n\000t}{section.26}% 83
\BOOKMARK [2][-]{subsection.26.4}{\376\377\000P\000r\000o\000o\000f\000\040\000f\000o\000r\000\040\000G\000r\000a\000d\000i\000e\000n\000t\000\040\000o\000f\000\040\000t\000h\000e\000\040\000P\000G\000\040\000O\000b\000j\000e\000c\000t\000i\000v\000e}{section.26}% 84
\BOOKMARK [1][-]{section.27}{\376\377\000D\000e\000e\000p\000\040\000Q\000-\000L\000e\000a\000r\000n\000i\000n\000g}{}% 85
\BOOKMARK [2][-]{subsection.27.1}{\376\377\000Q\000-\000F\000u\000n\000c\000t\000i\000o\000n\000s\000\040\000a\000n\000d\000\040\000B\000e\000l\000l\000m\000a\000n\000\040\000E\000q\000u\000a\000t\000i\000o\000n\000s}{section.27}% 86
\BOOKMARK [1][-]{section.28}{\376\377\000M\000a\000k\000i\000n\000g\000\040\000Q\000-\000L\000e\000a\000r\000n\000i\000n\000g\000\040\000W\000o\000r\000k}{}% 87
\BOOKMARK [2][-]{subsection.28.1}{\376\377\000R\000e\000p\000l\000a\000y\000\040\000B\000u\000f\000f\000e\000r\000\040\000a\000n\000d\000\040\000M\000e\000m\000o\000r\000y}{section.28}% 88
\BOOKMARK [2][-]{subsection.28.2}{\376\377\000O\000p\000t\000i\000m\000i\000z\000a\000t\000i\000o\000n\000\040\000S\000t\000a\000b\000i\000l\000i\000t\000y\000\040\000a\000n\000d\000\040\000P\000o\000l\000y\000a\000k\000\040\000A\000v\000e\000r\000a\000g\000i\000n\000g}{section.28}% 89
\BOOKMARK [2][-]{subsection.28.3}{\376\377\000E\000x\000p\000l\000o\000r\000e\000\040\000v\000s\000.\000\040\000E\000x\000p\000l\000o\000i\000t\000\040\000a\000n\000d\000\040\000e\000p\000s\000i\000l\000o\000n\000-\000G\000r\000e\000e\000d\000y\000\040\000S\000e\000a\000r\000c\000h}{section.28}% 90
\BOOKMARK [1][-]{section.29}{\376\377\000W\000h\000e\000n\000\040\000t\000o\000\040\000U\000s\000e\000\040\000R\000e\000i\000n\000f\000o\000r\000c\000e\000m\000e\000n\000t\000\040\000L\000e\000a\000r\000n\000i\000n\000g}{}% 91
\BOOKMARK [1][-]{section.30}{\376\377\000C\000o\000n\000c\000l\000u\000s\000i\000o\000n\000\040\000\050\000R\000L\000\051}{}% 92
\BOOKMARK [1][-]{section*.38}{\376\377\000L\000A\000N\000G\000U\000A\000G\000E\000\040\000M\000O\000D\000E\000L\000I\000N\000G}{}% 93
\BOOKMARK [1][-]{section.31}{\376\377\000I\000n\000t\000r\000o\000d\000u\000c\000t\000i\000o\000n\000\040\000t\000o\000\040\000L\000a\000n\000g\000u\000a\000g\000e\000\040\000M\000o\000d\000e\000l\000i\000n\000g}{}% 94
\BOOKMARK [2][-]{subsection.31.1}{\376\377\000H\000o\000w\000\040\000A\000r\000e\000\040\000L\000a\000n\000g\000u\000a\000g\000e\000\040\000M\000o\000d\000e\000l\000s\000\040\000T\000r\000a\000i\000n\000e\000d\000?}{section.31}% 95
\BOOKMARK [2][-]{subsection.31.2}{\376\377\000I\000m\000p\000o\000r\000t\000a\000n\000t\000\040\000C\000o\000n\000c\000e\000p\000t\000s\000\040\000i\000n\000\040\000L\000a\000n\000g\000u\000a\000g\000e\000\040\000m\000o\000d\000e\000l\000i\000n\000g}{section.31}% 96
\BOOKMARK [1][-]{section.32}{\376\377\000F\000o\000u\000n\000d\000a\000t\000i\000o\000n\000a\000l\000\040\000C\000o\000n\000c\000e\000p\000t\000s}{}% 97
\BOOKMARK [2][-]{subsection.32.1}{\376\377\000T\000o\000k\000e\000n\000i\000z\000a\000t\000i\000o\000n\000:\000\040\000T\000h\000e\000\040\000F\000i\000r\000s\000t\000\040\000S\000t\000e\000p}{section.32}% 98
\BOOKMARK [2][-]{subsection.32.2}{\376\377\000E\000m\000b\000e\000d\000d\000i\000n\000g\000s\000:\000\040\000R\000e\000p\000r\000e\000s\000e\000n\000t\000i\000n\000g\000\040\000T\000o\000k\000e\000n\000s\000\040\000N\000u\000m\000e\000r\000i\000c\000a\000l\000l\000y}{section.32}% 99
\BOOKMARK [2][-]{subsection.32.3}{\376\377\000S\000e\000q\000u\000e\000n\000c\000e\000\040\000M\000o\000d\000e\000l\000i\000n\000g\000:\000\040\000T\000h\000e\000\040\000C\000o\000r\000e\000\040\000O\000b\000j\000e\000c\000t\000i\000v\000e}{section.32}% 100
\BOOKMARK [1][-]{section.33}{\376\377\000C\000o\000r\000e\000\040\000A\000r\000c\000h\000i\000t\000e\000c\000t\000u\000r\000e\000s\000\040\000o\000f\000\040\000L\000a\000n\000g\000u\000a\000g\000e\000\040\000M\000o\000d\000e\000l\000s}{}% 101
\BOOKMARK [2][-]{subsection.33.1}{\376\377\000R\000e\000c\000u\000r\000r\000e\000n\000t\000\040\000N\000e\000u\000r\000a\000l\000\040\000N\000e\000t\000w\000o\000r\000k\000s\000\040\000\050\000R\000N\000N\000s\000\051}{section.33}% 102
\BOOKMARK [2][-]{subsection.33.2}{\376\377\000T\000r\000a\000n\000s\000f\000o\000r\000m\000e\000r\000s\000:\000\040\000A\000\040\000P\000a\000r\000a\000d\000i\000g\000m\000\040\000S\000h\000i\000f\000t}{section.33}% 103
\BOOKMARK [1][-]{section.34}{\376\377\000N\000L\000P\000\040\000T\000a\000s\000k\000s\000\040\000E\000n\000a\000b\000l\000e\000d\000\040\000b\000y\000\040\000L\000a\000n\000g\000u\000a\000g\000e\000\040\000M\000o\000d\000e\000l\000s}{}% 104
\BOOKMARK [1][-]{section.35}{\376\377\000A\000d\000v\000a\000n\000c\000e\000d\000\040\000T\000o\000p\000i\000c\000s\000\040\000i\000n\000\040\000L\000a\000n\000g\000u\000a\000g\000e\000\040\000M\000o\000d\000e\000l\000i\000n\000g}{}% 105
\BOOKMARK [2][-]{subsection.35.1}{\376\377\000C\000h\000a\000l\000l\000e\000n\000g\000e\000s\000\040\000i\000n\000\040\000L\000a\000r\000g\000e\000\040\000L\000a\000n\000g\000u\000a\000g\000e\000\040\000M\000o\000d\000e\000l\000s\000\040\000\050\000L\000L\000M\000s\000\051}{section.35}% 106
\BOOKMARK [2][-]{subsection.35.2}{\376\377\000R\000e\000i\000n\000f\000o\000r\000c\000e\000m\000e\000n\000t\000\040\000L\000e\000a\000r\000n\000i\000n\000g\000\040\000w\000i\000t\000h\000\040\000H\000u\000m\000a\000n\000\040\000F\000e\000e\000d\000b\000a\000c\000k\000\040\000\050\000R\000L\000H\000F\000\051}{section.35}% 107
\BOOKMARK [2][-]{subsection.35.3}{\376\377\000L\000e\000a\000r\000n\000i\000n\000g\000\040\000t\000o\000\040\000R\000e\000a\000s\000o\000n\000\040\000t\000h\000r\000o\000u\000g\000h\000\040\000R\000L\000V\000R}{section.35}% 108
\BOOKMARK [1][-]{section.36}{\376\377\000W\000h\000e\000n\000\040\000t\000o\000\040\000U\000s\000e\000\040\000L\000a\000n\000g\000u\000a\000g\000e\000\040\000M\000o\000d\000e\000l\000s}{}% 109
\BOOKMARK [1][-]{section.37}{\376\377\000C\000o\000n\000c\000l\000u\000s\000i\000o\000n\000\040\000\050\000L\000M\000\051}{}% 110
