\BOOKMARK [1][-]{section.1}{\376\377\000W\000h\000a\000t\000\040\000i\000s\000\040\000R\000e\000i\000n\000f\000o\000r\000c\000e\000m\000e\000n\000t\000\040\000L\000e\000a\000r\000n\000i\000n\000g\000?}{}% 1
\BOOKMARK [2][-]{subsection.1.1}{\376\377\000P\000r\000o\000b\000l\000e\000m\000\040\000D\000e\000f\000i\000n\000i\000t\000i\000o\000n}{section.1}% 2
\BOOKMARK [2][-]{subsection.1.2}{\376\377\000C\000o\000m\000m\000o\000n\000\040\000S\000y\000m\000b\000o\000l\000s\000\040\000a\000n\000d\000\040\000D\000e\000f\000i\000n\000i\000t\000i\000o\000n\000s}{section.1}% 3
\BOOKMARK [2][-]{subsection.1.3}{\376\377\000M\000a\000r\000k\000o\000v\000\040\000D\000e\000c\000i\000s\000i\000o\000n\000\040\000P\000r\000o\000c\000e\000s\000s}{section.1}% 4
\BOOKMARK [2][-]{subsection.1.4}{\376\377\000O\000n\000\040\000v\000s\000.\000\040\000O\000f\000f\000-\000P\000o\000l\000i\000c\000y\000\040\000R\000L}{section.1}% 5
\BOOKMARK [1][-]{section.2}{\376\377\000I\000m\000i\000t\000a\000t\000i\000o\000n\000\040\000L\000e\000a\000r\000n\000i\000n\000g}{}% 6
\BOOKMARK [2][-]{subsection.2.1}{\376\377\000B\000a\000s\000i\000c\000\040\000B\000e\000h\000a\000v\000i\000o\000r\000\040\000C\000l\000o\000n\000i\000n\000g}{section.2}% 7
\BOOKMARK [2][-]{subsection.2.2}{\376\377\000P\000r\000o\000b\000l\000e\000m\000s\000\040\000w\000i\000t\000h\000\040\000B\000e\000h\000a\000v\000i\000o\000r\000\040\000C\000l\000o\000n\000i\000n\000g}{section.2}% 8
\BOOKMARK [1][-]{section.3}{\376\377\000P\000r\000o\000o\000f\000s\000\040\000f\000o\000r\000\040\000P\000r\000o\000b\000l\000e\000m\000s\000\040\000w\000i\000t\000h\000\040\000B\000e\000h\000a\000v\000i\000o\000r\000\040\000C\000l\000o\000n\000i\000n\000g}{}% 9
\BOOKMARK [2][-]{subsection.3.1}{\376\377\000M\000o\000d\000e\000\040\000A\000v\000e\000r\000a\000g\000i\000n\000g}{section.3}% 10
\BOOKMARK [1][-]{section.4}{\376\377\000D\000A\000g\000g\000e\000r\000\040\000A\000l\000g\000o\000r\000i\000t\000h\000m}{}% 11
\BOOKMARK [1][-]{section.5}{\376\377\000P\000o\000l\000i\000c\000y\000\040\000G\000r\000a\000d\000i\000e\000n\000t}{}% 12
\BOOKMARK [2][-]{subsection.5.1}{\376\377\000B\000a\000s\000i\000c\000\040\000P\000o\000l\000i\000c\000y\000\040\000G\000r\000a\000d\000i\000e\000n\000t}{section.5}% 13
\BOOKMARK [1][-]{section.6}{\376\377\000A\000d\000v\000a\000n\000c\000e\000d\000\040\000P\000o\000l\000i\000c\000y\000\040\000G\000r\000a\000d\000i\000e\000n\000t\000\040\000C\000o\000n\000c\000e\000p\000t\000s}{}% 14
\BOOKMARK [2][-]{subsection.6.1}{\376\377\000R\000e\000t\000u\000r\000n\000-\000t\000o\000-\000G\000o}{section.6}% 15
\BOOKMARK [2][-]{subsection.6.2}{\376\377\000B\000a\000s\000e\000l\000i\000n\000e\000\040\000F\000u\000n\000c\000t\000i\000o\000n}{section.6}% 16
\BOOKMARK [2][-]{subsection.6.3}{\376\377\000N\000a\000t\000u\000r\000a\000l\000\040\000P\000o\000l\000i\000c\000y\000\040\000G\000r\000a\000d\000i\000e\000n\000t}{section.6}% 17
\BOOKMARK [2][-]{subsection.6.4}{\376\377\000P\000r\000o\000o\000f\000\040\000f\000o\000r\000\040\000G\000r\000a\000d\000i\000e\000n\000t\000\040\000o\000f\000\040\000t\000h\000e\000\040\000P\000G\000\040\000O\000b\000j\000e\000c\000t\000i\000v\000e}{section.6}% 18
\BOOKMARK [1][-]{section.7}{\376\377\000D\000e\000e\000p\000\040\000Q\000-\000L\000e\000a\000r\000n\000i\000n\000g}{}% 19
\BOOKMARK [2][-]{subsection.7.1}{\376\377\000Q\000-\000F\000u\000n\000c\000t\000i\000o\000n\000s\000\040\000a\000n\000d\000\040\000B\000e\000l\000l\000m\000a\000n\000\040\000E\000q\000u\000a\000t\000i\000o\000n\000s}{section.7}% 20
\BOOKMARK [1][-]{section.8}{\376\377\000M\000a\000k\000i\000n\000g\000\040\000Q\000-\000L\000e\000a\000r\000n\000i\000n\000g\000\040\000W\000o\000r\000k}{}% 21
\BOOKMARK [2][-]{subsection.8.1}{\376\377\000R\000e\000p\000l\000a\000y\000\040\000B\000u\000f\000f\000e\000r\000\040\000a\000n\000d\000\040\000M\000e\000m\000o\000r\000y}{section.8}% 22
\BOOKMARK [2][-]{subsection.8.2}{\376\377\000O\000p\000t\000i\000m\000i\000z\000a\000t\000i\000o\000n\000\040\000S\000t\000a\000b\000i\000l\000i\000t\000y\000\040\000a\000n\000d\000\040\000P\000o\000l\000y\000a\000k\000\040\000A\000v\000e\000r\000a\000g\000i\000n\000g}{section.8}% 23
\BOOKMARK [2][-]{subsection.8.3}{\376\377\000E\000x\000p\000l\000o\000r\000e\000\040\000v\000s\000.\000\040\000E\000x\000p\000l\000o\000i\000t\000\040\000a\000n\000d\000\040\000e\000p\000s\000i\000l\000o\000n\000-\000G\000r\000e\000e\000d\000y\000\040\000S\000e\000a\000r\000c\000h}{section.8}% 24
\BOOKMARK [1][-]{section.9}{\376\377\000W\000h\000e\000n\000\040\000t\000o\000\040\000U\000s\000e\000\040\000R\000e\000i\000n\000f\000o\000r\000c\000e\000m\000e\000n\000t\000\040\000L\000e\000a\000r\000n\000i\000n\000g}{}% 25
\BOOKMARK [1][-]{section.10}{\376\377\000C\000o\000n\000c\000l\000u\000s\000i\000o\000n\000\040\000\050\000R\000L\000\051}{}% 26
